<?xml version="1.0" encoding="UTF-8"?>
<!-- Generated by org.testng.reporters.JUnitXMLReporter -->
<testsuite ignored="0" hostname="LAPTOP-LVUH6NRB" failures="0" tests="4" name="Default test" time="18.963" errors="0" timestamp="2023-02-21T23:35:30 IST">
  <testcase classname="Calculator" name="Multification" time="5.717"/>
  <testcase classname="Calculator" name="Division" time="4.309"/>
  <testcase classname="Calculator" name="Addition" time="4.245"/>
  <testcase classname="Calculator" name="Subtraction" time="4.631"/>
</testsuite> <!-- Default test -->
