<?xml version="1.0" encoding="UTF-8"?>
<testng-results ignored="0" total="4" passed="4" failed="0" skipped="0">
  <reporter-output>
  </reporter-output>
  <suite started-at="2023-02-21T23:35:11 IST" name="Default suite" finished-at="2023-02-21T23:35:30 IST" duration-ms="18963">
    <groups>
    </groups>
    <test started-at="2023-02-21T23:35:11 IST" name="Default test" finished-at="2023-02-21T23:35:30 IST" duration-ms="18963">
      <class name="Calculator">
        <test-method signature="Multification()[pri:1, instance:Calculator@3059cbc]" started-at="2023-02-21T23:35:11 IST" name="Multification" finished-at="2023-02-21T23:35:17 IST" duration-ms="5717" status="PASS">
          <reporter-output>
          </reporter-output>
        </test-method> <!-- Multification -->
        <test-method signature="Division()[pri:2, instance:Calculator@3059cbc]" started-at="2023-02-21T23:35:17 IST" name="Division" finished-at="2023-02-21T23:35:21 IST" duration-ms="4309" status="PASS">
          <reporter-output>
          </reporter-output>
        </test-method> <!-- Division -->
        <test-method signature="Addition()[pri:3, instance:Calculator@3059cbc]" started-at="2023-02-21T23:35:21 IST" name="Addition" finished-at="2023-02-21T23:35:25 IST" duration-ms="4245" status="PASS">
          <reporter-output>
          </reporter-output>
        </test-method> <!-- Addition -->
        <test-method signature="Subtraction()[pri:3, instance:Calculator@3059cbc]" started-at="2023-02-21T23:35:25 IST" name="Subtraction" finished-at="2023-02-21T23:35:30 IST" duration-ms="4631" status="PASS">
          <reporter-output>
          </reporter-output>
        </test-method> <!-- Subtraction -->
      </class> <!-- Calculator -->
    </test> <!-- Default test -->
  </suite> <!-- Default suite -->
</testng-results>
